<?xml version="1.0" encoding="UTF-8" ?>
<testsuite tests="3" failures="1" name="testRunner.TestRunner" time="65.458" errors="0" skipped="0">
  <properties>
[...]
</properties>
  <testcase classname="Login" name="Successful Login with Valid Credentials" time="30.187"/>
  <testcase classname="Login" name="Login Data Driven #1" time="27.25"/>
  <testcase classname="Login" name="Login Data Driven #2" time="8.021">
    <failure type="java.lang.AssertionError">java.lang.AssertionError
	at org.junit.Assert.fail(Assert.java:86)
	at org.junit.Assert.assertTrue(Assert.java:41)
	at org.junit.Assert.assertTrue(Assert.java:52)
	at stepDefinitions.Steps.page_Title_should_be(Steps.java:110)
	at ✽.Page Title should be &quot;Dashboard / nopCommerce administration&quot;(file:///C:/Eclipse/eclipse/workspace/nopcommerseApp_Cucumber/./Features/Login.feature:22)
</failure>
    <system-out>
@regression
Scenario Outline: Login Data Driven                                          # Features/Login.feature:30
2020-09-03T10:47:16,498 [main] INFO  (Steps.java:37) - ********* starting TC on chrome*************
[INFO] Please answer the following questionnaire based on your experience with WebDriverManager. Thanks a lot!
[INFO] ====&gt; http://tiny.cc/wdm-survey &lt;====
[DEBUG] Resolution chrome=84 in cache (valid until 17:45:41 03/09/2020 IST)
[INFO] Using chromedriver 84.0.4147.30 (since Chrome 84 is installed in your machine)
[DEBUG] Driver chromedriver 84.0.4147.30 found in cache
[INFO] Exporting webdriver.chrome.driver as C:\Users\Ashan\.m2\repository\webdriver\chromedriver\win32\84.0.4147.30\chromedriver.exe
2020-09-03T10:47:18,793 [main] INFO  (Steps.java:75) - ************* Launching Browser *****************
  Given User Launch Chrome browser                                           # stepDefinitions.Steps.user_Launch_Chrome_browser()
2020-09-03T10:47:18,795 [main] INFO  (Steps.java:83) - ************* Opening URL  *****************
  When User opens URL &quot;http://admin-demo.nopcommerce.com/login&quot;              # stepDefinitions.Steps.user_opens_URL(java.lang.String)
2020-09-03T10:47:22,441 [main] INFO  (Steps.java:91) - ************* Providing user and password *****************
  And User enters Email as &quot;admin1@yourstore.com&quot; and Password as &quot;admin123&quot; # stepDefinitions.Steps.user_enters_Email_as_and_Password_as(java.lang.String,java.lang.String)
2020-09-03T10:47:22,782 [main] INFO  (Steps.java:99) - ************* click on login *****************
  And Click on Login                                                         # stepDefinitions.Steps.click_on_Login()
2020-09-03T10:47:24,270 [main] INFO  (Steps.java:108) - ************* Login failed *****************
  Then Page Title should be &quot;Dashboard / nopCommerce administration&quot;         # stepDefinitions.Steps.page_Title_should_be(java.lang.String)
      java.lang.AssertionError
	at org.junit.Assert.fail(Assert.java:86)
	at org.junit.Assert.assertTrue(Assert.java:41)
	at org.junit.Assert.assertTrue(Assert.java:52)
	at stepDefinitions.Steps.page_Title_should_be(Steps.java:110)
	at âœ½.Page Title should be &quot;Dashboard / nopCommerce administration&quot;(file:///C:/Eclipse/eclipse/workspace/nopcommerseApp_Cucumber/./Features/Login.feature:22)

  When User click on Log out link                                            # stepDefinitions.Steps.user_click_on_Log_out_link()
  Then Page Title should be &quot;Your store. Login&quot;                              # stepDefinitions.Steps.page_Title_should_be(java.lang.String)
  And close browser                                                          # stepDefinitions.Steps.close_browser()
</system-out>
    <system-err>Starting ChromeDriver 84.0.4147.30 (48b3e868b4cc0aa7e8149519690b6f6949e110a8-refs/branch-heads/4147@{#310}) on port 24291
Only local connections are allowed.
Please see https://chromedriver.chromium.org/security-considerations for suggestions on keeping ChromeDriver safe.
ChromeDriver was started successfully.
Sep 03, 2020 10:47:18 AM org.openqa.selenium.remote.ProtocolHandshake createSession
INFO: Detected dialect: W3C
</system-err>
  </testcase>
</testsuite>